<?xml version="1.0" encoding="UTF-8"?>
<testng-results skipped="0" failed="0" total="2" passed="2">
  <reporter-output>
  </reporter-output>
  <suite name="All Test Suite" duration-ms="55318" started-at="2024-05-08T06:56:03Z" finished-at="2024-05-08T06:56:58Z">
    <groups>
    </groups>
    <test name="D:/AUT_LoanTTV/testng-appium-app-browserstack-sdk/android/testng-examples-0" duration-ms="55318" started-at="2024-05-08T06:56:03Z" finished-at="2024-05-08T06:56:58Z">
      <class name="com.browserstack.LoginTest">
        <test-method status="PASS" signature="beforeClass()[pri:0, instance:com.browserstack.LoginTest@32811494]" name="beforeClass" is-config="true" duration-ms="32253" started-at="2024-05-08T13:56:03Z" finished-at="2024-05-08T13:56:35Z">
          <reporter-output>
          </reporter-output>
        </test-method> <!-- beforeClass -->
        <test-method status="PASS" signature="loginFail()[pri:1, instance:com.browserstack.LoginTest@32811494]" name="loginFail" duration-ms="11854" started-at="2024-05-08T13:56:35Z" finished-at="2024-05-08T13:56:47Z">
          <reporter-output>
          </reporter-output>
        </test-method> <!-- loginFail -->
        <test-method status="PASS" signature="loginPass()[pri:2, instance:com.browserstack.LoginTest@32811494]" name="loginPass" duration-ms="10398" started-at="2024-05-08T13:56:48Z" finished-at="2024-05-08T13:56:58Z">
          <reporter-output>
          </reporter-output>
        </test-method> <!-- loginPass -->
      </class> <!-- com.browserstack.LoginTest -->
    </test> <!-- D:/AUT_LoanTTV/testng-appium-app-browserstack-sdk/android/testng-examples-0 -->
  </suite> <!-- All Test Suite -->
</testng-results>
